11/22/2025 10:25:54 Екатеринбург, стандартное время : Information : Local timezone is (UTC+05:00) Екатеринбург, стандартное время
11/22/2025 10:25:54 Екатеринбург, стандартное время : Information : Service Hub .NET service module host started. Host id: dotnet.projectSystem$C94B8CFE-E3FD-4BAF-A941-2866DBB566FE. Controller pipe: net.pipe://2014496DFC. PID: 2031
11/22/2025 10:25:54 Екатеринбург, стандартное время : Information : hubHostClr read: Content-Length: 116

{"jsonrpc":"2.0","id":2,"method":"InitializeHostAsync","params":[{"HostsRootDirectory":".","AppConfigFallback":""}]}
11/22/2025 10:25:54 Екатеринбург, стандартное время : Information : hubHostClr write: Content-Length: 93

{"jsonrpc":"2.0","id":2,"result":"dotnet.projectSystem$C94B8CFE-E3FD-4BAF-A941-2866DBB566FE"}
11/22/2025 10:25:54 Екатеринбург, стандартное время : Information : hubHostClr read: Content-Length: 1046

{"jsonrpc":"2.0","id":3,"method":"StartServiceAsync","params":[{"name":"Microsoft.VisualStudio.ProjectSystem.ProjectTreeProvider","host":"dotnet.projectSystem","hostId":"C94B8CFE-E3FD-4BAF-A941-2866DBB566FE","serviceBaseDirectory":"/Users/vyacheslav/.vscode/extensions/ms-dotnettools.csdevkit-1.80.7-darwin-arm64/components/CPS/platforms/darwin-arm64/node_modules/@microsoft/visualstudio-projectsystem-server.darwin-arm64","entryPoint":{"assemblyPath":"/Users/vyacheslav/.vscode/extensions/ms-dotnettools.csdevkit-1.80.7-darwin-arm64/components/CPS/platforms/darwin-arm64/node_modules/@microsoft/visualstudio-projectsystem-server.darwin-arm64/Microsoft.VisualStudio.ProjectSystem.Server.Implementation.dll","fullClassName":"Microsoft.VisualStudio.ProjectSystem.Server.ProjectTreeProviderFactory"}},{"ActivationArguments":{"__servicehub__ServiceHubRemoteServiceBrokerPipeName":"/Users/vyacheslav/.ServiceHub/f4a1b2d60c/5fb5f14b00","__servicehub__RequestedServiceVersion":"0.1"},"ClientCredentials":{},"ClientCulture":"ru","ClientUICulture":"ru"}]}
11/22/2025 10:25:54 Екатеринбург, стандартное время : Information : hubHostClr read: Content-Length: 1000

{"jsonrpc":"2.0","id":5,"method":"StartServiceAsync","params":[{"name":"Microsoft.VisualStudio.LaunchConfigurationService","host":"dotnet.projectSystem","hostId":"C94B8CFE-E3FD-4BAF-A941-2866DBB566FE","serviceBaseDirectory":"/Users/vyacheslav/.vscode/extensions/ms-dotnettools.csdevkit-1.80.7-darwin-arm64/components/CPS/platforms/darwin-arm64/node_modules/@microsoft/visualstudio-projectsystem-server.darwin-arm64","entryPoint":{"assemblyPath":"/Users/vyacheslav/.vscode/extensions/ms-dotnettools.csdevkit-1.80.7-darwin-arm64/components/CPS/platforms/darwin-arm64/node_modules/@microsoft/visualstudio-projectsystem-server.darwin-arm64/Microsoft.VisualStudio.ProjectSystem.Server.Implementation.dll","fullClassName":"Microsoft.VisualStudio.ProjectSystem.Server.LaunchConfigurationServiceFactory"}},{"ActivationArguments":{"__servicehub__ServiceHubRemoteServiceBrokerPipeName":"/Users/vyacheslav/.ServiceHub/f4a1b2d60c/93eb323256"},"ClientCredentials":{},"ClientCulture":"ru","ClientUICulture":"ru"}]}Content-Length: 1076

{"jsonrpc":"2.0","id":4,"method":"StartServiceAsync","params":[{"name":"Microsoft.VisualStudio.ProjectSystem.ProjectInitializationStatusService","host":"dotnet.projectSystem","hostId":"C94B8CFE-E3FD-4BAF-A941-2866DBB566FE","serviceBaseDirectory":"/Users/vyacheslav/.vscode/extensions/ms-dotnettools.csdevkit-1.80.7-darwin-arm64/components/CPS/platforms/darwin-arm64/node_modules/@microsoft/visualstudio-projectsystem-server.darwin-arm64","entryPoint":{"assemblyPath":"/Users/vyacheslav/.vscode/extensions/ms-dotnettools.csdevkit-1.80.7-darwin-arm64/components/CPS/platforms/darwin-arm64/node_modules/@microsoft/visualstudio-projectsystem-server.darwin-arm64/Microsoft.VisualStudio.ProjectSystem.Server.Implementation.dll","fullClassName":"Microsoft.VisualStudio.ProjectSystem.Server.ProjectInitializationStatusServiceFactory"}},{"ActivationArguments":{"__servicehub__ServiceHubRemoteServiceBrokerPipeName":"/Users/vyacheslav/.ServiceHub/f4a1b2d60c/18c6480153","__servicehub__RequestedServiceVersion":"0.1"},"ClientCredentials":{},"ClientCulture":"ru","ClientUICulture":"ru"}]}Content-Length: 1076

{"jsonrpc":"2.0","id":6,"method":"StartServiceAsync","params":[{"name":"Microsoft.VisualStudio.ProjectSystem.ProjectInitializationStatusService","host":"dotnet.projectSystem","hostId":"C94B8CFE-E3FD-4BAF-A941-2866DBB566FE","serviceBaseDirectory":"/Users/vyacheslav/.vscode/extensions/ms-dotnettools.csdevkit-1.80.7-darwin-arm64/components/CPS/platforms/darwin-arm64/node_modules/@microsoft/visualstudio-projectsystem-server.darwin-arm64","entryPoint":{"assemblyPath":"/Users/vyacheslav/.vscode/extensions/ms-dotnettools.csdevkit-1.80.7-darwin-arm64/components/CPS/platforms/darwin-arm64/node_modules/@microsoft/visualstudio-projectsystem-server.darwin-arm64/Microsoft.VisualStudio.ProjectSystem.Server.Implementation.dll","fullClassName":"Microsoft.VisualStudio.ProjectSystem.Server.ProjectInitializationStatusServiceFactory"}},{"ActivationArguments":{"__servicehub__ServiceHubRemoteServiceBrokerPipeName":"/Users/vyacheslav/.ServiceHub/f4a1b2d60c/0c19cf4cd3","__servicehub__RequestedServiceVersion":"0.1"},"ClientCredentials":{},"ClientCulture":"ru","ClientUICulture":"ru"}]}
11/22/2025 10:25:54 Екатеринбург, стандартное время : Information : CLR host received start request for service 'Microsoft.VisualStudio.ProjectSystem.ProjectTreeProvider'
11/22/2025 10:25:54 Екатеринбург, стандартное время : Information : Loading service module assembly '/Users/vyacheslav/.vscode/extensions/ms-dotnettools.csdevkit-1.80.7-darwin-arm64/components/CPS/platforms/darwin-arm64/node_modules/@microsoft/visualstudio-projectsystem-server.darwin-arm64/Microsoft.VisualStudio.ProjectSystem.Server.Implementation.dll' from '/Users/vyacheslav/.vscode/extensions/ms-dotnettools.csdevkit-1.80.7-darwin-arm64/components/CPS/platforms/darwin-arm64/node_modules/@microsoft/visualstudio-projectsystem-server.darwin-arm64'
11/22/2025 10:25:54 Екатеринбург, стандартное время : Information : Starting service module 'Microsoft.VisualStudio.ProjectSystem.ProjectTreeProvider'. Class: Microsoft.VisualStudio.ProjectSystem.Server.ProjectTreeProviderFactory, Supported Version: 
11/22/2025 10:25:54 Екатеринбург, стандартное время : Information : Started service 'Microsoft.VisualStudio.ProjectSystem.ProjectTreeProvider'. Pipe name: /Users/vyacheslav/.ServiceHub/f4a1b2d60c/23ebeb49e2, Supported Version: 
11/22/2025 10:25:54 Екатеринбург, стандартное время : Information : hubHostClr write: Content-Length: 87

{"jsonrpc":"2.0","id":3,"result":"/Users/vyacheslav/.ServiceHub/f4a1b2d60c/23ebeb49e2"}
11/22/2025 10:25:54 Екатеринбург, стандартное время : Information : CLR host received start request for service 'Microsoft.VisualStudio.LaunchConfigurationService'
11/22/2025 10:25:54 Екатеринбург, стандартное время : Information : Loading service module assembly '/Users/vyacheslav/.vscode/extensions/ms-dotnettools.csdevkit-1.80.7-darwin-arm64/components/CPS/platforms/darwin-arm64/node_modules/@microsoft/visualstudio-projectsystem-server.darwin-arm64/Microsoft.VisualStudio.ProjectSystem.Server.Implementation.dll' from '/Users/vyacheslav/.vscode/extensions/ms-dotnettools.csdevkit-1.80.7-darwin-arm64/components/CPS/platforms/darwin-arm64/node_modules/@microsoft/visualstudio-projectsystem-server.darwin-arm64'
11/22/2025 10:25:54 Екатеринбург, стандартное время : Information : Starting service module 'Microsoft.VisualStudio.LaunchConfigurationService'. Class: Microsoft.VisualStudio.ProjectSystem.Server.LaunchConfigurationServiceFactory, Supported Version: 
11/22/2025 10:25:54 Екатеринбург, стандартное время : Information : Started service 'Microsoft.VisualStudio.LaunchConfigurationService'. Pipe name: /Users/vyacheslav/.ServiceHub/f4a1b2d60c/f4d67d9d03, Supported Version: 
11/22/2025 10:25:54 Екатеринбург, стандартное время : Information : CLR host received start request for service 'Microsoft.VisualStudio.ProjectSystem.ProjectInitializationStatusService'
11/22/2025 10:25:54 Екатеринбург, стандартное время : Information : Loading service module assembly '/Users/vyacheslav/.vscode/extensions/ms-dotnettools.csdevkit-1.80.7-darwin-arm64/components/CPS/platforms/darwin-arm64/node_modules/@microsoft/visualstudio-projectsystem-server.darwin-arm64/Microsoft.VisualStudio.ProjectSystem.Server.Implementation.dll' from '/Users/vyacheslav/.vscode/extensions/ms-dotnettools.csdevkit-1.80.7-darwin-arm64/components/CPS/platforms/darwin-arm64/node_modules/@microsoft/visualstudio-projectsystem-server.darwin-arm64'
11/22/2025 10:25:54 Екатеринбург, стандартное время : Information : Starting service module 'Microsoft.VisualStudio.ProjectSystem.ProjectInitializationStatusService'. Class: Microsoft.VisualStudio.ProjectSystem.Server.ProjectInitializationStatusServiceFactory, Supported Version: 
11/22/2025 10:25:54 Екатеринбург, стандартное время : Information : Started service 'Microsoft.VisualStudio.ProjectSystem.ProjectInitializationStatusService'. Pipe name: /Users/vyacheslav/.ServiceHub/f4a1b2d60c/ba5450ea4f, Supported Version: 
11/22/2025 10:25:54 Екатеринбург, стандартное время : Information : CLR host received start request for service 'Microsoft.VisualStudio.ProjectSystem.ProjectInitializationStatusService'
11/22/2025 10:25:54 Екатеринбург, стандартное время : Information : Loading service module assembly '/Users/vyacheslav/.vscode/extensions/ms-dotnettools.csdevkit-1.80.7-darwin-arm64/components/CPS/platforms/darwin-arm64/node_modules/@microsoft/visualstudio-projectsystem-server.darwin-arm64/Microsoft.VisualStudio.ProjectSystem.Server.Implementation.dll' from '/Users/vyacheslav/.vscode/extensions/ms-dotnettools.csdevkit-1.80.7-darwin-arm64/components/CPS/platforms/darwin-arm64/node_modules/@microsoft/visualstudio-projectsystem-server.darwin-arm64'
11/22/2025 10:25:54 Екатеринбург, стандартное время : Information : Starting service module 'Microsoft.VisualStudio.ProjectSystem.ProjectInitializationStatusService'. Class: Microsoft.VisualStudio.ProjectSystem.Server.ProjectInitializationStatusServiceFactory, Supported Version: 
11/22/2025 10:25:54 Екатеринбург, стандартное время : Information : hubHostClr write: Content-Length: 87

{"jsonrpc":"2.0","id":5,"result":"/Users/vyacheslav/.ServiceHub/f4a1b2d60c/f4d67d9d03"}Content-Length: 87

{"jsonrpc":"2.0","id":4,"result":"/Users/vyacheslav/.ServiceHub/f4a1b2d60c/ba5450ea4f"}
11/22/2025 10:25:54 Екатеринбург, стандартное время : Information : Started service 'Microsoft.VisualStudio.ProjectSystem.ProjectInitializationStatusService'. Pipe name: /Users/vyacheslav/.ServiceHub/f4a1b2d60c/a91bccdf43, Supported Version: 
11/22/2025 10:25:54 Екатеринбург, стандартное время : Information : hubHostClr write: Content-Length: 87

{"jsonrpc":"2.0","id":6,"result":"/Users/vyacheslav/.ServiceHub/f4a1b2d60c/a91bccdf43"}
11/22/2025 10:25:54 Екатеринбург, стандартное время : Information : A new client connected to CLR service module 'Microsoft.VisualStudio.ProjectSystem.ProjectTreeProvider'
11/22/2025 10:25:54 Екатеринбург, стандартное время : Information : A new client connected to CLR service module 'Microsoft.VisualStudio.ProjectSystem.ProjectInitializationStatusService'
11/22/2025 10:25:54 Екатеринбург, стандартное время : Information : A new client connected to CLR service module 'Microsoft.VisualStudio.ProjectSystem.ProjectInitializationStatusService'
11/22/2025 10:25:54 Екатеринбург, стандартное время : Information : Found FactoryVersion=Version2 for service : Microsoft.VisualStudio.ProjectSystem.ProjectTreeProvider.
11/22/2025 10:25:54 Екатеринбург, стандартное время : Information : Service 'Microsoft.VisualStudio.ProjectSystem.Server.ProjectTreeProviderFactory' implements IServiceHubServiceFactory. Creating factory instance and caching it.
11/22/2025 10:25:54 Екатеринбург, стандартное время : Information : A new client connected to CLR service module 'Microsoft.VisualStudio.LaunchConfigurationService'
11/22/2025 10:25:54 Екатеринбург, стандартное время : Information : hubHostClr write: Content-Length: 124

{"jsonrpc":"2.0","method":"HostServicesStartedAsync","params":["dotnet.projectSystem$C94B8CFE-E3FD-4BAF-A941-2866DBB566FE"]}
11/22/2025 10:25:54 Екатеринбург, стандартное время : Information : Found FactoryVersion=Version2 for service : Microsoft.VisualStudio.ProjectSystem.ProjectInitializationStatusService.
11/22/2025 10:25:54 Екатеринбург, стандартное время : Information : Service 'Microsoft.VisualStudio.ProjectSystem.Server.ProjectInitializationStatusServiceFactory' implements IServiceHubServiceFactory. Creating factory instance and caching it.
11/22/2025 10:25:54 Екатеринбург, стандартное время : Information : Found IServiceHubServiceFactory in cache. Creating instance from the factory.
11/22/2025 10:25:54 Екатеринбург, стандартное время : Information : Found FactoryVersion=Version2 for service : Microsoft.VisualStudio.LaunchConfigurationService.
11/22/2025 10:25:54 Екатеринбург, стандартное время : Information : Service 'Microsoft.VisualStudio.ProjectSystem.Server.LaunchConfigurationServiceFactory' implements IServiceHubServiceFactory. Creating factory instance and caching it.
11/22/2025 10:25:54 Екатеринбург, стандартное время : Information : Creating service Microsoft.VisualStudio.ProjectSystem.Server.ProjectTreeProviderFactory from factory with FactoryVersion=Version2 and ClientRequestedVersion=0.1.
11/22/2025 10:25:54 Екатеринбург, стандартное время : Information : Creating service Microsoft.VisualStudio.ProjectSystem.Server.LaunchConfigurationServiceFactory from factory with FactoryVersion=Version2 and ClientRequestedVersion=.
11/22/2025 10:25:54 Екатеринбург, стандартное время : Information : Creating service Microsoft.VisualStudio.ProjectSystem.Server.ProjectInitializationStatusServiceFactory from factory with FactoryVersion=Version2 and ClientRequestedVersion=0.1.
11/22/2025 10:25:54 Екатеринбург, стандартное время : Information : Creating service Microsoft.VisualStudio.ProjectSystem.Server.ProjectInitializationStatusServiceFactory from factory with FactoryVersion=Version2 and ClientRequestedVersion=0.1.
11/22/2025 10:25:54 Екатеринбург, стандартное время : Information : Setting up RPC connection for service 'Microsoft.VisualStudio.ProjectSystem.Server.ProjectInitializationStatusServiceFactory' from factory
11/22/2025 10:25:54 Екатеринбург, стандартное время : Information : Setting up RPC connection for service 'Microsoft.VisualStudio.ProjectSystem.Server.LaunchConfigurationServiceFactory' from factory
11/22/2025 10:25:54 Екатеринбург, стандартное время : Information : Setting up RPC connection for service 'Microsoft.VisualStudio.ProjectSystem.Server.ProjectInitializationStatusServiceFactory' from factory
11/22/2025 10:25:54 Екатеринбург, стандартное время : Information : Setting up RPC connection for service 'Microsoft.VisualStudio.ProjectSystem.Server.ProjectTreeProviderFactory' from factory
11/22/2025 10:25:54 Екатеринбург, стандартное время : Information : hubHostClr read: Content-Length: 1044

{"jsonrpc":"2.0","id":7,"method":"StartServiceAsync","params":[{"name":"Microsoft.VisualStudio.ProjectSystem.CompositionService","host":"dotnet.projectSystem","hostId":"C94B8CFE-E3FD-4BAF-A941-2866DBB566FE","serviceBaseDirectory":"/Users/vyacheslav/.vscode/extensions/ms-dotnettools.csdevkit-1.80.7-darwin-arm64/components/CPS/platforms/darwin-arm64/node_modules/@microsoft/visualstudio-projectsystem-server.darwin-arm64","entryPoint":{"assemblyPath":"/Users/vyacheslav/.vscode/extensions/ms-dotnettools.csdevkit-1.80.7-darwin-arm64/components/CPS/platforms/darwin-arm64/node_modules/@microsoft/visualstudio-projectsystem-server.darwin-arm64/Microsoft.VisualStudio.ProjectSystem.Server.Implementation.dll","fullClassName":"Microsoft.VisualStudio.ProjectSystem.Server.CompositionServiceFactory"}},{"ActivationArguments":{"__servicehub__ServiceHubRemoteServiceBrokerPipeName":"/Users/vyacheslav/.ServiceHub/f4a1b2d60c/c86fecca0b","__servicehub__RequestedServiceVersion":"0.1"},"ClientCredentials":{},"ClientCulture":"ru","ClientUICulture":"ru"}]}
11/22/2025 10:25:54 Екатеринбург, стандартное время : Information : CLR host received start request for service 'Microsoft.VisualStudio.ProjectSystem.CompositionService'
11/22/2025 10:25:54 Екатеринбург, стандартное время : Information : Loading service module assembly '/Users/vyacheslav/.vscode/extensions/ms-dotnettools.csdevkit-1.80.7-darwin-arm64/components/CPS/platforms/darwin-arm64/node_modules/@microsoft/visualstudio-projectsystem-server.darwin-arm64/Microsoft.VisualStudio.ProjectSystem.Server.Implementation.dll' from '/Users/vyacheslav/.vscode/extensions/ms-dotnettools.csdevkit-1.80.7-darwin-arm64/components/CPS/platforms/darwin-arm64/node_modules/@microsoft/visualstudio-projectsystem-server.darwin-arm64'
11/22/2025 10:25:54 Екатеринбург, стандартное время : Information : Starting service module 'Microsoft.VisualStudio.ProjectSystem.CompositionService'. Class: Microsoft.VisualStudio.ProjectSystem.Server.CompositionServiceFactory, Supported Version: 
11/22/2025 10:25:54 Екатеринбург, стандартное время : Information : Started service 'Microsoft.VisualStudio.ProjectSystem.CompositionService'. Pipe name: /Users/vyacheslav/.ServiceHub/f4a1b2d60c/650023ef04, Supported Version: 
11/22/2025 10:25:54 Екатеринбург, стандартное время : Information : hubHostClr write: Content-Length: 87

{"jsonrpc":"2.0","id":7,"result":"/Users/vyacheslav/.ServiceHub/f4a1b2d60c/650023ef04"}
11/22/2025 10:25:54 Екатеринбург, стандартное время : Information : A new client connected to CLR service module 'Microsoft.VisualStudio.ProjectSystem.CompositionService'
11/22/2025 10:25:54 Екатеринбург, стандартное время : Information : Found FactoryVersion=Version2 for service : Microsoft.VisualStudio.ProjectSystem.CompositionService.
11/22/2025 10:25:54 Екатеринбург, стандартное время : Information : Service 'Microsoft.VisualStudio.ProjectSystem.Server.CompositionServiceFactory' implements IServiceHubServiceFactory. Creating factory instance and caching it.
11/22/2025 10:25:54 Екатеринбург, стандартное время : Information : Creating service Microsoft.VisualStudio.ProjectSystem.Server.CompositionServiceFactory from factory with FactoryVersion=Version2 and ClientRequestedVersion=0.1.
11/22/2025 10:25:54 Екатеринбург, стандартное время : Information : Setting up RPC connection for service 'Microsoft.VisualStudio.ProjectSystem.Server.CompositionServiceFactory' from factory
11/22/2025 10:25:54 Екатеринбург, стандартное время : Information : Completed RPC connection setup for service 'Microsoft.VisualStudio.ProjectSystem.Server.CompositionServiceFactory' from factory
11/22/2025 10:25:54 Екатеринбург, стандартное время : Information : Completed RPC connection setup for service 'Microsoft.VisualStudio.ProjectSystem.Server.LaunchConfigurationServiceFactory' from factory
11/22/2025 10:25:54 Екатеринбург, стандартное время : Information : Completed RPC connection setup for service 'Microsoft.VisualStudio.ProjectSystem.Server.ProjectInitializationStatusServiceFactory' from factory
11/22/2025 10:25:54 Екатеринбург, стандартное время : Information : Completed RPC connection setup for service 'Microsoft.VisualStudio.ProjectSystem.Server.ProjectInitializationStatusServiceFactory' from factory
11/22/2025 10:25:54 Екатеринбург, стандартное время : Information : Completed RPC connection setup for service 'Microsoft.VisualStudio.ProjectSystem.Server.ProjectTreeProviderFactory' from factory
11/22/2025 10:26:07 Екатеринбург, стандартное время : Information : hubHostClr read: Content-Length: 1065

{"jsonrpc":"2.0","id":8,"method":"StartServiceAsync","params":[{"name":"Microsoft.VisualStudio.ProjectSystem.Query.Remoting.QueryExecutionService","host":"dotnet.projectSystem","hostId":"C94B8CFE-E3FD-4BAF-A941-2866DBB566FE","serviceBaseDirectory":"/Users/vyacheslav/.vscode/extensions/ms-dotnettools.csdevkit-1.80.7-darwin-arm64/components/CPS/platforms/darwin-arm64/node_modules/@microsoft/visualstudio-projectsystem-server.darwin-arm64","entryPoint":{"assemblyPath":"/Users/vyacheslav/.vscode/extensions/ms-dotnettools.csdevkit-1.80.7-darwin-arm64/components/CPS/platforms/darwin-arm64/node_modules/@microsoft/visualstudio-projectsystem-server.darwin-arm64/Microsoft.VisualStudio.ProjectSystem.Server.Implementation.dll","fullClassName":"Microsoft.VisualStudio.ProjectSystem.Server.QueryExecutionServiceFactory"}},{"ActivationArguments":{"__servicehub__ServiceHubRemoteServiceBrokerPipeName":"/Users/vyacheslav/.ServiceHub/f4a1b2d60c/da4badb719","__servicehub__RequestedServiceVersion":"0.3"},"ClientCredentials":{},"ClientCulture":"ru","ClientUICulture":"ru"}]}
11/22/2025 10:26:07 Екатеринбург, стандартное время : Information : CLR host received start request for service 'Microsoft.VisualStudio.ProjectSystem.Query.Remoting.QueryExecutionService'
11/22/2025 10:26:07 Екатеринбург, стандартное время : Information : Loading service module assembly '/Users/vyacheslav/.vscode/extensions/ms-dotnettools.csdevkit-1.80.7-darwin-arm64/components/CPS/platforms/darwin-arm64/node_modules/@microsoft/visualstudio-projectsystem-server.darwin-arm64/Microsoft.VisualStudio.ProjectSystem.Server.Implementation.dll' from '/Users/vyacheslav/.vscode/extensions/ms-dotnettools.csdevkit-1.80.7-darwin-arm64/components/CPS/platforms/darwin-arm64/node_modules/@microsoft/visualstudio-projectsystem-server.darwin-arm64'
11/22/2025 10:26:07 Екатеринбург, стандартное время : Information : Starting service module 'Microsoft.VisualStudio.ProjectSystem.Query.Remoting.QueryExecutionService'. Class: Microsoft.VisualStudio.ProjectSystem.Server.QueryExecutionServiceFactory, Supported Version: 
11/22/2025 10:26:07 Екатеринбург, стандартное время : Information : Started service 'Microsoft.VisualStudio.ProjectSystem.Query.Remoting.QueryExecutionService'. Pipe name: /Users/vyacheslav/.ServiceHub/f4a1b2d60c/e3cbfd5530, Supported Version: 
11/22/2025 10:26:07 Екатеринбург, стандартное время : Information : hubHostClr write: Content-Length: 87

{"jsonrpc":"2.0","id":8,"result":"/Users/vyacheslav/.ServiceHub/f4a1b2d60c/e3cbfd5530"}
11/22/2025 10:26:07 Екатеринбург, стандартное время : Information : A new client connected to CLR service module 'Microsoft.VisualStudio.ProjectSystem.Query.Remoting.QueryExecutionService'
11/22/2025 10:26:07 Екатеринбург, стандартное время : Information : Found FactoryVersion=Version2 for service : Microsoft.VisualStudio.ProjectSystem.Query.Remoting.QueryExecutionService.
11/22/2025 10:26:07 Екатеринбург, стандартное время : Information : Service 'Microsoft.VisualStudio.ProjectSystem.Server.QueryExecutionServiceFactory' implements IServiceHubServiceFactory. Creating factory instance and caching it.
11/22/2025 10:26:07 Екатеринбург, стандартное время : Information : Creating service Microsoft.VisualStudio.ProjectSystem.Server.QueryExecutionServiceFactory from factory with FactoryVersion=Version2 and ClientRequestedVersion=0.3.
11/22/2025 10:26:07 Екатеринбург, стандартное время : Information : Setting up RPC connection for service 'Microsoft.VisualStudio.ProjectSystem.Server.QueryExecutionServiceFactory' from factory
11/22/2025 10:26:07 Екатеринбург, стандартное время : Information : Completed RPC connection setup for service 'Microsoft.VisualStudio.ProjectSystem.Server.QueryExecutionServiceFactory' from factory
11/22/2025 10:27:43 Екатеринбург, стандартное время : Information : Checking if 'Microsoft.VisualStudio.ProjectSystem.Server.ProjectTreeProviderFactory' implements Microsoft.VisualStudio.Threading.IAsyncDisposable.
11/22/2025 10:27:43 Екатеринбург, стандартное время : Information : Checking if 'Microsoft.VisualStudio.ProjectSystem.Server.QueryExecutionServiceFactory' implements Microsoft.VisualStudio.Threading.IAsyncDisposable.
11/22/2025 10:27:43 Екатеринбург, стандартное время : Information : Checking if 'Microsoft.VisualStudio.ProjectSystem.Server.LaunchConfigurationServiceFactory' implements Microsoft.VisualStudio.Threading.IAsyncDisposable.
11/22/2025 10:27:43 Екатеринбург, стандартное время : Information : Checking if 'Microsoft.VisualStudio.ProjectSystem.Server.ProjectInitializationStatusServiceFactory' implements Microsoft.VisualStudio.Threading.IAsyncDisposable.
11/22/2025 10:27:43 Екатеринбург, стандартное время : Information : Checking if 'Microsoft.VisualStudio.ProjectSystem.Server.ProjectTreeProviderFactory' implements System.IAsyncDisposable.
11/22/2025 10:27:43 Екатеринбург, стандартное время : Information : Checking if 'Microsoft.VisualStudio.ProjectSystem.Server.ProjectTreeProviderFactory' implements System.IDisposable.
11/22/2025 10:27:43 Екатеринбург, стандартное время : Information : Checking if 'Microsoft.VisualStudio.ProjectSystem.Server.QueryExecutionServiceFactory' implements System.IAsyncDisposable.
11/22/2025 10:27:43 Екатеринбург, стандартное время : Information : Checking if 'Microsoft.VisualStudio.ProjectSystem.Server.QueryExecutionServiceFactory' implements System.IDisposable.
11/22/2025 10:27:43 Екатеринбург, стандартное время : Information : Checking if 'Microsoft.VisualStudio.ProjectSystem.Server.LaunchConfigurationServiceFactory' implements System.IAsyncDisposable.
11/22/2025 10:27:43 Екатеринбург, стандартное время : Information : Checking if 'Microsoft.VisualStudio.ProjectSystem.Server.LaunchConfigurationServiceFactory' implements System.IDisposable.
11/22/2025 10:27:43 Екатеринбург, стандартное время : Information : Checking if 'Microsoft.VisualStudio.ProjectSystem.Server.ProjectInitializationStatusServiceFactory' implements System.IAsyncDisposable.
11/22/2025 10:27:43 Екатеринбург, стандартное время : Information : Checking if 'Microsoft.VisualStudio.ProjectSystem.Server.ProjectInitializationStatusServiceFactory' implements System.IDisposable.
11/22/2025 10:27:43 Екатеринбург, стандартное время : Information : hubHostClr read: end of stream
11/22/2025 10:27:43 Екатеринбург, стандартное время : Error : Disconnected hubHostClr RemotePartyTerminated error: : Достигнут конец потока. at 
11/22/2025 10:27:43 Екатеринбург, стандартное время : Error : Controller callback pipe is connected: 'False'
    Controller callback pipe has reached the end: 'True'
    Controller callback pipe has been disposed: 'False'
    JsonRpc object is disposed: 'False'
    MessageHandler is disposed: 'False'
    Reason: 'RemotePartyTerminated'
    Description: 'Достигнут конец потока.'
    Host is disposed: 'False'

